[    0.000000] Initializing cgroup subsys cpuset
[    0.000000] Initializing cgroup subsys cpu
[    0.000000] Initializing cgroup subsys cpuacct
[    0.000000] Linux version 4.4.0-83-generic (buildd@lgw01-29) (gcc version 5.4.0 20160609 (Ubuntu 5.4.0-6ubuntu1~16.04.4) ) #106-Ubuntu SMP Mon Jun 26 17:54:43 UTC 2017 (Ubuntu 4.4.0-83.106-generic 4.4.70)
[    0.000000] Command line: BOOT_IMAGE=/boot/vmlinuz-4.4.0-83-generic root=LABEL=cloudimg-rootfs ro console=tty1 console=ttyS0
[    0.000000] KERNEL supported cpus:
[    0.000000]   Intel GenuineIntel
[    0.000000]   AMD AuthenticAMD
[    0.000000]   Centaur CentaurHauls
[    0.000000] x86/fpu: xstate_offset[2]:  576, xstate_sizes[2]:  256
[    0.000000] x86/fpu: Supporting XSAVE feature 0x01: 'x87 floating point registers'
[    0.000000] x86/fpu: Supporting XSAVE feature 0x02: 'SSE registers'
[    0.000000] x86/fpu: Supporting XSAVE feature 0x04: 'AVX registers'
[    0.000000] x86/fpu: Enabled xstate features 0x7, context size is 832 bytes, using 'standard' format.
[    0.000000] x86/fpu: Using 'lazy' FPU context switches.
[    0.000000] e820: BIOS-provided physical RAM map:
[    0.000000] BIOS-e820: [mem 0x0000000000000000-0x000000000009fbff] usable
[    0.000000] BIOS-e820: [mem 0x000000000009fc00-0x000000000009ffff] reserved
[    0.000000] BIOS-e820: [mem 0x00000000000f0000-0x00000000000fffff] reserved
[    0.000000] BIOS-e820: [mem 0x0000000000100000-0x00000000dffeffff] usable
[    0.000000] BIOS-e820: [mem 0x00000000dfff0000-0x00000000dfffffff] ACPI data
[    0.000000] BIOS-e820: [mem 0x00000000fec00000-0x00000000fec00fff] reserved
[    0.000000] BIOS-e820: [mem 0x00000000fee00000-0x00000000fee00fff] reserved
[    0.000000] BIOS-e820: [mem 0x00000000fffc0000-0x00000000ffffffff] reserved
[    0.000000] BIOS-e820: [mem 0x0000000100000000-0x000000011fffffff] usable
[    0.000000] NX (Execute Disable) protection: active
[    0.000000] SMBIOS 2.5 present.
[    0.000000] Hypervisor detected: KVM
[    0.000000] e820: last_pfn = 0x120000 max_arch_pfn = 0x400000000
[    0.000000] MTRR: Disabled
[    0.000000] x86/PAT: MTRRs disabled, skipping PAT initialization too.
[    0.000000] x86/PAT: Configuration [0-7]: WB  WT  UC- UC  WB  WT  UC- UC  
[    0.000000] CPU MTRRs all blank - virtualized system.
[    0.000000] e820: last_pfn = 0xdfff0 max_arch_pfn = 0x400000000
[    0.000000] found SMP MP-table at [mem 0x0009fff0-0x0009ffff] mapped at [ffff88000009fff0]
[    0.000000] Scanning 1 areas for low memory corruption
[    0.000000] RAMDISK: [mem 0x36ade000-0x37566fff]
[    0.000000] ACPI: Early table checksum verification disabled
[    0.000000] ACPI: RSDP 0x00000000000E0000 000024 (v02 VBOX  )
[    0.000000] ACPI: XSDT 0x00000000DFFF0030 00003C (v01 VBOX   VBOXXSDT 00000001 ASL  00000061)
[    0.000000] ACPI: FACP 0x00000000DFFF00F0 0000F4 (v04 VBOX   VBOXFACP 00000001 ASL  00000061)
[    0.000000] ACPI: DSDT 0x00000000DFFF0470 0021C8 (v02 VBOX   VBOXBIOS 00000002 INTL 20100528)
[    0.000000] ACPI: FACS 0x00000000DFFF0200 000040
[    0.000000] ACPI: FACS 0x00000000DFFF0200 000040
[    0.000000] ACPI: APIC 0x00000000DFFF0240 00005C (v02 VBOX   VBOXAPIC 00000001 ASL  00000061)
[    0.000000] ACPI: SSDT 0x00000000DFFF02A0 0001CC (v01 VBOX   VBOXCPUT 00000002 INTL 20100528)
[    0.000000] No NUMA configuration found
[    0.000000] Faking a node at [mem 0x0000000000000000-0x000000011fffffff]
[    0.000000] NODE_DATA(0) allocated [mem 0x11fff7000-0x11fffbfff]
[    0.000000] kvm-clock: Using msrs 4b564d01 and 4b564d00
[    0.000000] kvm-clock: cpu 0, msr 1:1ffef001, primary cpu clock
[    0.000000] kvm-clock: using sched offset of 3019739161 cycles
[    0.000000] clocksource: kvm-clock: mask: 0xffffffffffffffff max_cycles: 0x1cd42e4dffb, max_idle_ns: 881590591483 ns
[    0.000000] Zone ranges:
[    0.000000]   DMA      [mem 0x0000000000001000-0x0000000000ffffff]
[    0.000000]   DMA32    [mem 0x0000000001000000-0x00000000ffffffff]
[    0.000000]   Normal   [mem 0x0000000100000000-0x000000011fffffff]
[    0.000000]   Device   empty
[    0.000000] Movable zone start for each node
[    0.000000] Early memory node ranges
[    0.000000]   node   0: [mem 0x0000000000001000-0x000000000009efff]
[    0.000000]   node   0: [mem 0x0000000000100000-0x00000000dffeffff]
[    0.000000]   node   0: [mem 0x0000000100000000-0x000000011fffffff]
[    0.000000] Initmem setup node 0 [mem 0x0000000000001000-0x000000011fffffff]
[    0.000000] ACPI: PM-Timer IO Port: 0x4008
[    0.000000] IOAPIC[0]: apic_id 2, version 32, address 0xfec00000, GSI 0-23
[    0.000000] ACPI: INT_SRC_OVR (bus 0 bus_irq 0 global_irq 2 dfl dfl)
[    0.000000] ACPI: INT_SRC_OVR (bus 0 bus_irq 9 global_irq 9 high level)
[    0.000000] Using ACPI (MADT) for SMP configuration information
[    0.000000] smpboot: Allowing 2 CPUs, 0 hotplug CPUs
[    0.000000] PM: Registered nosave memory: [mem 0x00000000-0x00000fff]
[    0.000000] PM: Registered nosave memory: [mem 0x0009f000-0x0009ffff]
[    0.000000] PM: Registered nosave memory: [mem 0x000a0000-0x000effff]
[    0.000000] PM: Registered nosave memory: [mem 0x000f0000-0x000fffff]
[    0.000000] PM: Registered nosave memory: [mem 0xdfff0000-0xdfffffff]
[    0.000000] PM: Registered nosave memory: [mem 0xe0000000-0xfebfffff]
[    0.000000] PM: Registered nosave memory: [mem 0xfec00000-0xfec00fff]
[    0.000000] PM: Registered nosave memory: [mem 0xfec01000-0xfedfffff]
[    0.000000] PM: Registered nosave memory: [mem 0xfee00000-0xfee00fff]
[    0.000000] PM: Registered nosave memory: [mem 0xfee01000-0xfffbffff]
[    0.000000] PM: Registered nosave memory: [mem 0xfffc0000-0xffffffff]
[    0.000000] e820: [mem 0xe0000000-0xfebfffff] available for PCI devices
[    0.000000] Booting paravirtualized kernel on KVM
[    0.000000] clocksource: refined-jiffies: mask: 0xffffffff max_cycles: 0xffffffff, max_idle_ns: 7645519600211568 ns
[    0.000000] setup_percpu: NR_CPUS:512 nr_cpumask_bits:512 nr_cpu_ids:2 nr_node_ids:1
[    0.000000] PERCPU: Embedded 33 pages/cpu @ffff88011fc00000 s98264 r8192 d28712 u1048576
[    0.000000] PV qspinlock hash table entries: 256 (order: 0, 4096 bytes)
[    0.000000] Built 1 zonelists in Node order, mobility grouping on.  Total pages: 1032057
[    0.000000] Policy zone: Normal
[    0.000000] Kernel command line: BOOT_IMAGE=/boot/vmlinuz-4.4.0-83-generic root=LABEL=cloudimg-rootfs ro console=tty1 console=ttyS0
[    0.000000] PID hash table entries: 4096 (order: 3, 32768 bytes)
[    0.000000] Memory: 4032300K/4193848K available (8469K kernel code, 1294K rwdata, 3984K rodata, 1488K init, 1316K bss, 161548K reserved, 0K cma-reserved)
[    0.000000] SLUB: HWalign=64, Order=0-3, MinObjects=0, CPUs=2, Nodes=1
[    0.000000] Hierarchical RCU implementation.
[    0.000000] 	Build-time adjustment of leaf fanout to 64.
[    0.000000] 	RCU restricting CPUs from NR_CPUS=512 to nr_cpu_ids=2.
[    0.000000] RCU: Adjusting geometry for rcu_fanout_leaf=64, nr_cpu_ids=2
[    0.000000] NR_IRQS:33024 nr_irqs:440 16
[    0.000000] Console: colour VGA+ 80x25
[    0.000000] console [tty1] enabled
[    0.000000] console [ttyS0] enabled
[    0.000000] tsc: Detected 2712.000 MHz processor
[   13.594832] Calibrating delay loop (skipped) preset value.. 5424.00 BogoMIPS (lpj=10848000)
[   13.763730] pid_max: default: 32768 minimum: 301
[   13.846802] ACPI: Core revision 20150930
[   13.892334] ACPI: 2 ACPI AML tables successfully acquired and loaded
[   13.976143] Security Framework initialized
[   14.057169] Yama: becoming mindful.
[   14.116420] AppArmor: AppArmor initialized
[   14.118902] Dentry cache hash table entries: 524288 (order: 10, 4194304 bytes)
[   14.278669] Inode-cache hash table entries: 262144 (order: 9, 2097152 bytes)
[   14.394463] Mount-cache hash table entries: 8192 (order: 4, 65536 bytes)
[   14.501695] Mountpoint-cache hash table entries: 8192 (order: 4, 65536 bytes)
[   14.660726] Initializing cgroup subsys io
[   14.754201] Initializing cgroup subsys memory
[   14.856714] Initializing cgroup subsys devices
[   14.957761] Initializing cgroup subsys freezer
[   15.043651] Initializing cgroup subsys net_cls
[   15.124903] Initializing cgroup subsys perf_event
[   15.157451] Initializing cgroup subsys net_prio
[   15.205150] Initializing cgroup subsys hugetlb
[   15.304020] Initializing cgroup subsys pids
[   15.360708] CPU: Physical Processor ID: 0
[   15.393317] CPU: Processor Core ID: 0
[   15.418259] mce: CPU supports 0 MCE banks
[   15.451991] Last level iTLB entries: 4KB 64, 2MB 8, 4MB 8
[   15.505844] Last level dTLB entries: 4KB 64, 2MB 0, 4MB 0, 1GB 4
[   15.582572] Freeing SMP alternatives memory: 32K (ffffffff820b9000 - ffffffff820c1000)
[   15.798126] ftrace: allocating 32129 entries in 126 pages
[   15.967258] smpboot: APIC(0) Converting physical 0 to logical package 0
[   16.094229] smpboot: Max logical packages: 1
[   16.186599] x2apic enabled
[   16.248348] Switched APIC routing to physical x2apic.
[   16.316094] ..TIMER: vector=0x30 apic1=0 pin1=2 apic2=-1 pin2=-1
[   16.520512] smpboot: CPU0: Intel(R) Core(TM) i7-6820HQ CPU @ 2.70GHz (family: 0x6, model: 0x5e, stepping: 0x3)
[   16.788718] Performance Events: unsupported p6 CPU model 94 no PMU driver, software events only.
[   17.024612] KVM setup paravirtual spinlock
[   17.138541] x86: Booting SMP configuration:
[   17.246623] .... node  #0, CPUs:      #1
[   17.348573] kvm-clock: cpu 1, msr 1:1ffe0041, secondary cpu clock
[   17.472513] mce: CPU supports 0 MCE banks
[   17.479657] x86: Booted up 1 node, 2 CPUs
[   17.527502] smpboot: Total of 2 processors activated (10848.00 BogoMIPS)
[   17.690270] devtmpfs: initialized
[   17.773153] evm: security.selinux
[   17.862111] evm: security.SMACK64
[   17.959167] evm: security.SMACK64EXEC
[   18.050284] evm: security.SMACK64TRANSMUTE
[   18.166831] evm: security.SMACK64MMAP
[   18.269464] evm: security.ima
[   18.352617] evm: security.capability
[   18.450747] clocksource: jiffies: mask: 0xffffffff max_cycles: 0xffffffff, max_idle_ns: 7645041785100000 ns
[   18.624044] futex hash table entries: 512 (order: 3, 32768 bytes)
[   18.692769] pinctrl core: initialized pinctrl subsystem
[   18.747152] RTC time:  6:17:02, date: 08/06/17
[   18.865894] NET: Registered protocol family 16
[   18.986499] cpuidle: using governor ladder
[   19.101796] cpuidle: using governor menu
[   19.199693] PCCT header not found.
[   19.287482] ACPI: bus type PCI registered
[   19.397690] acpiphp: ACPI Hot Plug PCI Controller Driver version: 0.5
[   19.577357] PCI: Using configuration type 1 for base access
[   19.762666] ACPI: Added _OSI(Module Device)
[   19.853069] ACPI: Added _OSI(Processor Device)
[   19.899160] ACPI: Added _OSI(3.0 _SCP Extensions)
[   19.980236] ACPI: Added _OSI(Processor Aggregator Device)
[   20.108664] ACPI: Executed 1 blocks of module-level executable AML code
[   20.274490] ACPI: Interpreter enabled
[   20.374790] ACPI: (supports S0 S5)
[   20.464395] ACPI: Using IOAPIC for interrupt routing
[   20.566384] PCI: Using host bridge windows from ACPI; if necessary, use "pci=nocrs" and report a bug
[   20.781083] ACPI: PCI Root Bridge [PCI0] (domain 0000 [bus 00-ff])
[   20.928496] acpi PNP0A03:00: _OSC: OS supports [ASPM ClockPM Segments MSI]
[   21.037264] acpi PNP0A03:00: _OSC failed (AE_NOT_FOUND); disabling ASPM
[   21.085425] acpi PNP0A03:00: fail to add MMCONFIG information, can't access extended PCI configuration space under this bridge.
[   21.330911] PCI host bridge to bus 0000:00
[   21.444481] pci_bus 0000:00: root bus resource [io  0x0000-0x0cf7 window]
[   21.634647] pci_bus 0000:00: root bus resource [io  0x0d00-0xffff window]
[   21.793856] pci_bus 0000:00: root bus resource [mem 0x000a0000-0x000bffff window]
[   22.011815] pci_bus 0000:00: root bus resource [mem 0xe0000000-0xffdfffff window]
[   22.203005] pci_bus 0000:00: root bus resource [bus 00-ff]
[   22.268038] pci 0000:00:01.1: legacy IDE quirk: reg 0x10: [io  0x01f0-0x01f7]
[   22.403346] pci 0000:00:01.1: legacy IDE quirk: reg 0x14: [io  0x03f6]
[   22.431956] pci 0000:00:01.1: legacy IDE quirk: reg 0x18: [io  0x0170-0x0177]
[   22.433221] pci 0000:00:01.1: legacy IDE quirk: reg 0x1c: [io  0x0376]
[   22.470515] pci 0000:00:07.0: quirk: [io  0x4000-0x403f] claimed by PIIX4 ACPI
[   22.639523] pci 0000:00:07.0: quirk: [io  0x4100-0x410f] claimed by PIIX4 SMB
[   22.855636] ACPI: PCI Interrupt Link [LNKA] (IRQs 5 9 10 *11)
[   22.927621] ACPI: PCI Interrupt Link [LNKB] (IRQs 5 9 10 *11)
[   23.064109] ACPI: PCI Interrupt Link [LNKC] (IRQs 5 9 *10 11)
[   23.196759] ACPI: PCI Interrupt Link [LNKD] (IRQs 5 *9 10 11)
[   23.339321] ACPI: Enabled 2 GPEs in block 00 to 07
[   23.424034] vgaarb: setting as boot device: PCI:0000:00:02.0
[   23.470474] vgaarb: device added: PCI:0000:00:02.0,decodes=io+mem,owns=io+mem,locks=none
[   23.677593] vgaarb: loaded
[   23.724633] vgaarb: bridge control possible 0000:00:02.0
[   23.725938] SCSI subsystem initialized
[   23.726900] ACPI: bus type USB registered
[   23.792348] usbcore: registered new interface driver usbfs
[   23.948479] usbcore: registered new interface driver hub
[   24.070649] usbcore: registered new device driver usb
[   24.187628] PCI: Using ACPI for IRQ routing
[   24.269621] NetLabel: Initializing
[   24.352288] NetLabel:  domain hash size = 128
[   24.460988] NetLabel:  protocols = UNLABELED CIPSOv4
[   24.578585] NetLabel:  unlabeled traffic allowed by default
[   24.626303] amd_nb: Cannot enumerate AMD northbridges
[   24.693989] clocksource: Switched to clocksource kvm-clock
[   24.851224] AppArmor: AppArmor Filesystem Enabled
[   24.987999] pnp: PnP ACPI init
[   25.071882] pnp: PnP ACPI: found 3 devices
[   25.194857] clocksource: acpi_pm: mask: 0xffffff max_cycles: 0xffffff, max_idle_ns: 2085701024 ns
[   25.462421] NET: Registered protocol family 2
[   25.596661] TCP established hash table entries: 32768 (order: 6, 262144 bytes)
[   25.789461] TCP bind hash table entries: 32768 (order: 7, 524288 bytes)
[   25.947145] TCP: Hash tables configured (established 32768 bind 32768)
[   26.123188] UDP hash table entries: 2048 (order: 4, 65536 bytes)
[   26.305696] UDP-Lite hash table entries: 2048 (order: 4, 65536 bytes)
[   26.492532] NET: Registered protocol family 1
[   26.616424] pci 0000:00:00.0: Limiting direct PCI/PCI transfers
[   26.784148] pci 0000:00:01.0: Activating ISA DMA hang workarounds
[   26.953944] Unpacking initramfs...
[   28.681145] Freeing initrd memory: 10788K (ffff880036ade000 - ffff880037567000)
[   28.901444] PCI-DMA: Using software bounce buffering for IO (SWIOTLB)
[   29.093365] software IO TLB [mem 0xdbff0000-0xdfff0000] (64MB) mapped at [ffff8800dbff0000-ffff8800dffeffff]
[   29.381371] platform rtc_cmos: registered platform RTC device (no PNP device found)
[   29.563558] Scanning for low memory corruption every 60 seconds
[   29.745918] audit: initializing netlink subsys (disabled)
[   29.873785] audit: type=2000 audit(1502000215.178:1): initialized
[   30.055162] Initialise system trusted keyring
[   30.182268] HugeTLB registered 2 MB page size, pre-allocated 0 pages
[   30.374029] zbud: loaded
[   30.444369] tsc: Refined TSC clocksource calibration: 2713.742 MHz
[   30.580341] clocksource: tsc: mask: 0xffffffffffffffff max_cycles: 0x271df431ad2, max_idle_ns: 440795343584 ns
[   30.580617] VFS: Disk quotas dquot_6.6.0
[   30.580652] VFS: Dquot-cache hash table entries: 512 (order 0, 4096 bytes)
[   30.580949] squashfs: version 4.0 (2009/01/31) Phillip Lougher
[   30.581223] fuse init (API version 7.23)
[   30.581342] Key type big_key registered
[   30.581359] Allocating IMA MOK and blacklist keyrings.
[   30.581577] Key type asymmetric registered
[   30.581580] Asymmetric key parser 'x509' registered
[   30.581616] Block layer SCSI generic (bsg) driver version 0.4 loaded (major 249)
[   30.581648] io scheduler noop registered
[   30.581651] io scheduler deadline registered (default)
[   30.581682] io scheduler cfq registered
[   30.581785] pci_hotplug: PCI Hot Plug PCI Core version: 0.5
[   30.581790] pciehp: PCI Express Hot Plug Controller Driver version: 0.4
[   30.582140] ACPI: AC Adapter [AC] (on-line)
[   30.582193] input: Power Button as /devices/LNXSYSTM:00/LNXPWRBN:00/input/input0
[   30.582196] ACPI: Power Button [PWRF]
[   30.582279] input: Sleep Button as /devices/LNXSYSTM:00/LNXSLPBN:00/input/input1
[   30.582281] ACPI: Sleep Button [SLPF]
[   30.582422] GHES: HEST is not enabled!
[   30.583525] ACPI: Battery Slot [BAT0] (battery present)
[   30.583569] Serial: 8250/16550 driver, 32 ports, IRQ sharing enabled
[   30.897670] 00:02: ttyS0 at I/O 0x3f8 (irq = 4, base_baud = 115200) is a 16550A
[   31.012555] Linux agpgart interface v0.103
[   31.490811] loop: module loaded
[   31.491234] scsi host0: ata_piix
[   31.491277] scsi host1: ata_piix
[   31.491302] ata1: PATA max UDMA/33 cmd 0x1f0 ctl 0x3f6 bmdma 0xd000 irq 14
[   31.491303] ata2: PATA max UDMA/33 cmd 0x170 ctl 0x376 bmdma 0xd008 irq 15
[   31.491361] libphy: Fixed MDIO Bus: probed
[   31.491363] tun: Universal TUN/TAP device driver, 1.6
[   31.491364] tun: (C) 1999-2004 Max Krasnyansky <maxk@qualcomm.com>
[   31.491620] PPP generic driver version 2.4.2
[   31.491663] ehci_hcd: USB 2.0 'Enhanced' Host Controller (EHCI) Driver
[   31.491666] ehci-pci: EHCI PCI platform driver
[   31.491678] ehci-platform: EHCI generic platform driver
[   31.491685] ohci_hcd: USB 1.1 'Open' Host Controller (OHCI) Driver
[   31.491687] ohci-pci: OHCI PCI platform driver
[   31.491694] ohci-platform: OHCI generic platform driver
[   31.491699] uhci_hcd: USB Universal Host Controller Interface driver
[   31.491744] i8042: PNP: PS/2 Controller [PNP0303:PS2K,PNP0f03:PS2M] at 0x60,0x64 irq 1,12
[   31.600349] serio: i8042 KBD port at 0x60,0x64 irq 1
[   31.600355] serio: i8042 AUX port at 0x60,0x64 irq 12
[   31.600468] mousedev: PS/2 mouse device common for all mice
[   31.600717] rtc_cmos rtc_cmos: rtc core: registered rtc_cmos as rtc0
[   31.600762] rtc_cmos rtc_cmos: alarms up to one day, 114 bytes nvram
[   31.600768] i2c /dev entries driver
[   31.600816] device-mapper: uevent: version 1.0.3
[   31.600858] device-mapper: ioctl: 4.34.0-ioctl (2015-10-28) initialised: dm-devel@redhat.com
[   31.600877] ledtrig-cpu: registered to indicate activity on CPUs
[   31.601087] NET: Registered protocol family 10
[   31.601201] NET: Registered protocol family 17
[   31.601208] Key type dns_resolver registered
[   31.713949] microcode: CPU0 sig=0x506e3, pf=0x2, revision=0x0
[   31.714198] microcode: CPU1 sig=0x506e3, pf=0x2, revision=0x0
[   31.714264] microcode: Microcode Update Driver: v2.01 <tigran@aivazian.fsnet.co.uk>, Peter Oruba
[   31.714422] registered taskstats version 1
[   31.714434] Loading compiled-in X.509 certificates
[   31.715090] Loaded X.509 cert 'Build time autogenerated kernel key: 35105354eb779045e4d9ad793dead39d5ee93f76'
[   31.715114] zswap: loaded using pool lzo/zbud
[   31.716507] Key type trusted registered
[   31.718722] Key type encrypted registered
[   31.718728] AppArmor: AppArmor sha1 policy hashing enabled
[   31.718730] ima: No TPM chip found, activating TPM-bypass!
[   31.720798] evm: HMAC attrs: 0x1
[   31.721224]   Magic number: 13:814:265
[   31.749374] rtc_cmos rtc_cmos: setting system clock to 2017-08-06 06:17:15 UTC (1502000235)
[   31.749531] BIOS EDD facility v0.16 2004-Jun-25, 0 devices found
[   31.749531] EDD information not available.
[   32.361727] input: AT Translated Set 2 keyboard as /devices/platform/i8042/serio0/input/input2
[   38.865972] Freeing unused kernel memory: 1488K (ffffffff81f45000 - ffffffff820b9000)
[   39.022406] Write protecting the kernel read-only data: 14336k
[   39.031838] Freeing unused kernel memory: 1760K (ffff880001848000 - ffff880001a00000)
[   39.291775] Freeing unused kernel memory: 112K (ffff880001de4000 - ffff880001e00000)
Loading, please wait...
[   39.601770] random: systemd-udevd: uninitialized urandom read (16 bytes read, 7 bits of entropy available)
starting version[   39.602271] random: udevadm: uninitialized urandom read (16 bytes read, 7 bits of entropy available)
 229
[   39.602298] random: udevadm: uninitialized urandom read (16 bytes read, 7 bits of entropy available)
[   39.602389] random: udevadm: uninitialized urandom read (16 bytes read, 7 bits of entropy available)
[   39.602420] random: udevadm: uninitialized urandom read (16 bytes read, 7 bits of entropy available)
[   39.602456] random: udevadm: uninitialized urandom read (16 bytes read, 7 bits of entropy available)
[   39.602488] random: udevadm: uninitialized urandom read (16 bytes read, 7 bits of entropy available)
[   39.602516] random: udevadm: uninitialized urandom read (16 bytes read, 7 bits of entropy available)
[   39.602544] random: udevadm: uninitialized urandom read (16 bytes read, 7 bits of entropy available)
[   39.602572] random: udevadm: uninitialized urandom read (16 bytes read, 7 bits of entropy available)
[   41.826277] e1000: Intel(R) PRO/1000 Network Driver - version 7.3.21-k8-NAPI
[   42.078476] e1000: Copyright (c) 1999-2006 Intel Corporation.
[   42.291380] Fusion MPT base driver 3.04.20
[   42.361805] Copyright (c) 1999-2008 LSI Corporation
[   42.409527] Fusion MPT SPI Host driver 3.04.20
[   42.473680] AVX version of gcm_enc/dec engaged.
[   42.555235] AES CTR mode by8 optimization enabled
[   42.612497] input: ImExPS/2 Generic Explorer Mouse as /devices/platform/i8042/serio1/input/input4
[   42.770434] e1000 0000:00:03.0 eth0: (PCI:33MHz:32-bit) 02:6e:aa:4e:78:a9
[   42.770438] e1000 0000:00:03.0 eth0: Intel(R) PRO/1000 Network Connection
[   43.118524] e1000 0000:00:08.0 eth1: (PCI:33MHz:32-bit) 08:00:27:de:d6:3b
[   43.118526] e1000 0000:00:08.0 eth1: Intel(R) PRO/1000 Network Connection
[   43.487544] e1000 0000:00:08.0 enp0s8: renamed from eth1
[   43.488052] mptbase: ioc0: Initiating bringup
[   43.550352] ioc0: LSI53C1030 A0: Capabilities={Initiator}
[   43.775382] scsi host2: ioc0: LSI53C1030 A0, FwRev=00000000h, Ports=1, MaxQ=256, IRQ=20
[   43.846117] e1000 0000:00:03.0 enp0s3: renamed from eth0
[   44.076304] scsi 2:0:0:0: Direct-Access     VBOX     HARDDISK         1.0  PQ: 0 ANSI: 5
[   44.396103] scsi target2:0:0: Beginning Domain Validation
[   44.501777] scsi target2:0:0: Domain Validation skipping write tests
[   44.637895] scsi target2:0:0: Ending Domain Validation
[   44.773773] scsi target2:0:0: asynchronous
[   44.804734] scsi 2:0:1:0: Direct-Access     VBOX     HARDDISK         1.0  PQ: 0 ANSI: 5
[   44.829806] scsi target2:0:1: Beginning Domain Validation
[   44.959776] scsi target2:0:1: Domain Validation skipping write tests
[   45.191547] scsi target2:0:1: Ending Domain Validation
[   45.341625] scsi target2:0:1: asynchronous
[   45.530730] floppy0: no floppy controllers found
[   45.648378] sd 2:0:0:0: Attached scsi generic sg0 type 0
[   45.651107] sd 2:0:0:0: [sda] 20971520 512-byte logical blocks: (10.7 GB/10.0 GiB)
[   45.652867] sd 2:0:1:0: [sdb] 20480 512-byte logical blocks: (10.5 MB/10.0 MiB)
[   45.886552] sd 2:0:0:0: [sda] Write Protect is off
[   45.948722] sd 2:0:0:0: [sda] Incomplete mode parameter data
[   45.948813] sd 2:0:1:0: Attached scsi generic sg1 type 0
[   46.070980] sd 2:0:0:0: [sda] Assuming drive cache: write through
[   46.071026] sd 2:0:1:0: [sdb] Write Protect is off
[   46.374026] sd 2:0:1:0: [sdb] Incomplete mode parameter data
[   46.555025] sd 2:0:1:0: [sdb] Assuming drive cache: write through
[   46.672734]  sda: sda1
[   46.708354] sd 2:0:0:0: [sda] Attached SCSI disk
[   46.809049] sd 2:0:1:0: [sdb] Attached SCSI disk
Begin: Loading e[   48.243114] md: linear personality registered for level -1
ssential drivers[   48.335981] md: multipath personality registered for level -4
 ... [   48.365180] md: raid0 personality registered for level 0
[   48.396383] md: raid1 personality registered for level 1
[   48.606039] raid6: sse2x1   gen()  9133 MB/s
[   48.778012] raid6: sse2x1   xor()  5766 MB/s
[   48.942574] raid6: sse2x2   gen() 10860 MB/s
[   49.130554] raid6: sse2x2   xor()  7568 MB/s
[   49.322548] raid6: sse2x4   gen() 12486 MB/s
[   49.506156] raid6: sse2x4   xor()  8696 MB/s
[   49.555464] raid6: using algorithm sse2x4 gen() 12486 MB/s
[   49.662701] raid6: .... xor() 8696 MB/s, rmw enabled
[   49.793596] raid6: using ssse3x2 recovery algorithm
[   49.930952] xor: automatically using best checksumming function:
[   50.230368]    avx       : 54417.000 MB/sec
[   50.416445] async_tx: api initialized (async)
[   50.534435] md: raid6 personality registered for level 6
[   50.660014] md: raid5 personality registered for level 5
[   50.727626] md: raid4 personality registered for level 4
[   50.811160] md: raid10 personality registered for level 10
done.
Begin: Running /scripts/init-premount ... done.[   50.841433] Btrfs loaded

Begin: Mounting root file system ... Begin: Running /scripts/local-top ... done.
Begin: Running /scripts/local-premount ... Scanning for Btrfs filesystems
done.
Warning: fsck no[   50.915337] EXT4-fs (sda1): mounted filesystem with ordered data mode. Opts: (null)
t present, so skipping root file system
done.
Begin: Running /scripts/local-bottom ... done.
Begin: Running /scripts/init-bottom ... done.
[   51.261953] systemd[1]: systemd 229 running in system mode. (+PAM +AUDIT +SELINUX +IMA +APPARMOR +SMACK +SYSVINIT +UTMP +LIBCRYPTSETUP +GCRYPT +GNUTLS +ACL +XZ -LZ4 +SECCOMP +BLKID +ELFUTILS +KMOD -IDN)
[   51.774389] systemd[1]: Detected virtualization oracle.
[   51.904452] systemd[1]: Detected architecture x86-64.

Welcome to [1mUbuntu 16.04.2 LTS[0m!

[   52.088266] systemd[1]: Set hostname to <master>.
[   52.264786] random: nonblocking pool is initialized
[   52.448873] systemd[1]: Listening on Journal Socket.
[[0;32m  OK  [0m] Listening on Journal Socket.
[   52.622932] systemd[1]: Listening on udev Kernel Socket.
[[0;32m  OK  [0m] Listening on udev Kernel Socket.
[   52.818579] systemd[1]: Started Forward Password Requests to Wall Directory Watch.
[[0;32m  OK  [0m] Started Forward Password Requests to Wall Directory Watch.
[   53.090272] systemd[1]: Listening on LVM2 poll daemon socket.
[[0;32m  OK  [0m] Listening on LVM2 poll daemon socket.
[   53.310721] systemd[1]: Listening on Device-mapper event daemon FIFOs.
[[0;32m  OK  [0m] Listening on Device-mapper event daemon FIFOs.
[   53.554670] systemd[1]: Listening on LVM2 metadata daemon socket.
[[0;32m  OK  [0m] Listening on LVM2 metadata daemon socket.
[   53.806607] systemd[1]: Reached target User and Group Name Lookups.
[[0;32m  OK  [0m] Reached target User and Group Name Lookups.
[   54.055003] systemd[1]: Listening on Syslog Socket.
[[0;32m  OK  [0m] Listening on Syslog Socket.
[   54.234574] systemd[1]: Created slice System Slice.
[[0;32m  OK  [0m] Created slice System Slice.
[   54.408157] systemd[1]: Mounting POSIX Message Queue File System...
         Mounting POSIX Message Queue File System...
[   54.614661] systemd[1]: Starting Load Kernel Modules...
         Starting Load Ke[   54.759703] Loading iSCSI transport class v2.0-870.
rnel Modules...[   54.880781] iscsi: registered transport (tcp)

[   55.099899] iscsi: registered transport (iser)
[   55.103746] systemd[1]: Starting Create list of required static device nodes for the current kernel...
         Starting Create list of required st... nodes for the current kernel...
[   55.484473] systemd[1]: Mounting Debug File System...
         Mounting Debug File System...
[   55.678418] systemd[1]: Starting Set console keymap...
         Starting Set console keymap...
[   55.882763] systemd[1]: Mounting Huge Pages File System...
         Mounting Huge Pages File System...
[   56.082829] systemd[1]: Starting Nameserver information manager...
         Starting Nameserver information manager...
[   56.283452] systemd[1]: Created slice system-serial\x2dgetty.slice.
[[0;32m  OK  [0m] Created slice system-serial\x2dgetty.slice.
[   56.506415] systemd[1]: Listening on udev Control Socket.
[[0;32m  OK  [0m] Listening on udev Control Socket.
[   56.710429] systemd[1]: Starting Uncomplicated firewall...
         Starting Uncomplicated firewall...
[   56.890630] systemd[1]: Listening on Journal Audit Socket.
[[0;32m  OK  [0m] Listening on Journal Audit Socket.
[   57.114548] systemd[1]: Set up automount Arbitrary Executable File Formats File System Automount Point.
[[0;32m  OK  [0m] Set up automount Arbitrary Executab...ats File System Automount Point.
[   57.463020] systemd[1]: Started Trigger resolvconf update for networkd DNS.
[[0;32m  OK  [0m] Started Trigger resolvconf update for networkd DNS.
[   57.746861] systemd[1]: Created slice User and Session Slice.
[[0;32m  OK  [0m] Created slice User and Session Slice.
[   57.922552] systemd[1]: Listening on /dev/initctl Compatibility Named Pipe.
[[0;32m  OK  [0m] Listening on /dev/initctl Compatibility Named Pipe.
[   58.138365] systemd[1]: Reached target Encrypted Volumes.
[[0;32m  OK  [0m] Reached target Encrypted Volumes.
[   58.382265] systemd[1]: Starting Remount Root and Kernel File Systems...
         [   58.531134] EXT4-fs (sda1): re-mounted. Opts: (null)
Starting Remount Root and Kernel File Systems...
[   58.674535] systemd[1]: Reached target Slices.
[[0;32m  OK  [0m] Reached target Slices.
[   58.799063] systemd[1]: Starting Monitoring of LVM2 mirrors, snapshots etc. using dmeventd or progress polling...
         Starting Monitoring of LVM2 mirrors... dmeventd or progress polling...
[   59.010467] systemd[1]: Listening on Journal Socket (/dev/log).
[[0;32m  OK  [0m] Listening on Journal Socket (/dev/log).
[   59.170441] systemd[1]: Starting Journal Service...
         Starting Journal Service...
[   59.218382] systemd[1]: Reached target Swap.
[[0;32m  OK  [0m] Reached target Swap.
[   59.271918] systemd[1]: Mounted Huge Pages File System.
[[0;32m  OK  [0m] Mounted Huge Pages File System.
[   59.366494] systemd[1]: Mounted POSIX Message Queue File System.
[[0;32m  OK  [0m] Mounted POSIX Message Queue File System.
[   59.586981] systemd[1]: Mounted Debug File System.
[[0;32m  OK  [0m] Mounted Debug File System.
[   59.771416] systemd[1]: Started Journal Service.
[[0;32m  OK  [0m] Started Journal Service.
[[0;32m  OK  [0m] Started Load Kernel Modules.
[[0;32m  OK  [0m] Started Create list of required sta...ce nodes for the current kernel.
[[0;32m  OK  [0m] Started Set console keymap.
[[0;32m  OK  [0m] Started Uncomplicated firewall.
[[0;32m  OK  [0m] Started Remount Root and Kernel File Systems.
[[0;32m  OK  [0m] Started Nameserver information manager.
[[0;32m  OK  [0m] Started LVM2 metadata daemon.
         Starting udev Coldplug all Devices...
         Starting Initial cloud-init job (pre-networking)...
         Starting Load/Save Random Seed...
         Starting Create Static Device Nodes in /dev...
         Mounting FUSE Control File System...
         Starting Apply Kernel Variables...
         Starting Flush Journal to Persistent Storage...
[[0;32m  OK  [0m] Mounted FUSE Control File System.
[[0;32m  OK  [0m] Started Monitoring of LVM2 mirrors,...ng dmeventd or progress polling.
[[0;32m  OK  [0m] Started Load/Save Random Seed.
[[0;32m  OK  [0m] Started Create Static Device Nodes in /dev.
[[0;32m  OK  [0m] Started Apply Kernel Variables.
[[0;32m  OK  [0m] Started udev Coldplug all Devices.
[[0;32m  OK  [0m] Started Flush Journal to Persistent Storage.
         Starting udev Kernel Device Manager...
[[0;32m  OK  [0m] Started udev Kernel Device Manager.
[[0;32m  OK  [0m] Started Dispatch Password Requests to Console Directory Watch.
[[0;32m  OK  [0m] Reached target Local File Systems (Pre).
[[0;32m  OK  [0m] Reached target Local File Systems.
[   37.075737] cloud-init[454]: Cloud-init v. 0.7.9 running 'init-local' at Sun, 06 Aug 2017 06:17:44 +0000. Up 36.84 seconds.
         Starting Set console font and keymap...
         Starting Tell Plymouth To Write Out Runtime Data...
         Starting Create Volatile Files and Directories...
         Starting LSB: AppArmor initialization...
[[0;32m  OK  [0m] Started Set console font and keymap.
[[0;32m  OK  [0m] Started Tell Plymouth To Write Out Runtime Data.
[[0;32m  OK  [0m] Started Create Volatile Files and Directories.
[[0;32m  OK  [0m] Started Initial cloud-init job (pre-networking).
[[0;32m  OK  [0m] Found device /dev/ttyS0.
[[0;32m  OK  [0m] Listening on Load/Save RF Kill Switch Status /dev/rfkill Watch.
[[0;32m  OK  [0m] Reached target Network (Pre).
[[0;32m  OK  [0m] Reached target System Time Synchronized.
         Starting Update UTMP about System Boot/Shutdown...
[[0;32m  OK  [0m] Created slice system-getty.slice.
[[0;32m  OK  [0m] Started LSB: AppArmor initialization.
[[0;32m  OK  [0m] Started Update UTMP about System Boot/Shutdown.
[[0;32m  OK  [0m] Started ifup for enp0s8.
[[0;32m  OK  [0m] Started ifup for enp0s3.
         Starting Raise network interfaces...
[[0;32m  OK  [0m] Started Raise network interfaces.
         Starting Initial cloud-init job (metadata service crawler)...
[[0;32m  OK  [0m] Reached target Network.
[   40.701905] cloud-init[1055]: Cloud-init v. 0.7.9 running 'init' at Sun, 06 Aug 2017 06:17:48 +0000. Up 40.48 seconds.
[[0;32m  OK  [0m] Started Initial cloud-init job (metadata service crawler).
[   40.798708] cloud-init[1055]: ci-info: ++++++++++++++++++++++++++++++++++++++Net device info++++++++++++++++++++++++++++++++++++++
[   41.016430] cloud-init[1055]: ci-info: +--------+------+-----------------------------+---------------+-------+-------------------+
[   41.072487] cloud-init[1055]: ci-info: | Device |  Up  |           Address           |      Mask     | Scope |     Hw-Address    |
[   41.156555] cloud-init[1055]: ci-info: +--------+------+-----------------------------+---------------+-------+-------------------+
[   41.248354] cloud-init[1055]: ci-info: | enp0s8 | True |        192.168.122.20       | 255.255.255.0 |   .   | 08:00:27:de:d6:3b |
[   41.353030] cloud-init[1055]: ci-info: | enp0s8 | True | fe80::a00:27ff:fede:d63b/64 |       .       |  link | 08:00:27:de:d6:3b |
[   41.488287] cloud-init[1055]: ci-info: |   lo   | True |          127.0.0.1          |   255.0.0.0   |   .   |         .         |
[[0;32m  OK  [0m] Reached target System Initialization.
[[0;32m  OK  [0m] Listening on ACPID Listen Socket.
[[0;32m  OK  [0m] Started Daily Cleanup of Temporary Directories.
[   41.603263] cloud-init[1055]: ci-info: |   lo   | True |           ::1/128           |       .       |  host |         .         |
[   41.884519] cloud-init[1055]: ci-info: | enp0s3 | True |          10.0.2.15          | 255.255.255.0 |   .   | 02:6e:aa:4e:78:a9 |
[   41.996579] cloud-init[1055]: ci-info: | enp0s3 | True |  fe80::6e:aaff:fe4e:78a9/64 |       .       |  link | 02:6e:aa:4e:78:a9 |
[[0;32m  OK  [0m] Started ACPI Events Check.
[[0;32m  OK  [0m] Reached target Paths.
         Starting Socket activation for snappy daemon.
[   42.123258] cloud-init[1055]: ci-info: +--------+------+-----------------------------+---------------+-------+-------------------+
[   42.340332] [cloud-init[0;32m  OK  [0m[1055]: ] ci-info: ++++++++++++++++++++++++++++Route IPv4 info+++++++++++++++++++++++++++++Started Timer to automatically refresh installed snaps.

[[0;32m  OK  [0m] Listening on D-Bus System Message Bus Socket.
[[0;32m  OK  [0m] Started Daily apt activities.
[   42.340989] cloud-init[1055]: ci-info: +-------+---------------+----------+---------------+-----------+-------+
[   42.692593] [cloud-init[0;32m  OK  [0m[1055]: ] ci-info: | Route |  Destination  | Gateway  |    Genmask    | Interface | Flags |Reached target Timers.

[   42.693087] cloud-init[1055]: ci-info: +-------+---------------+----------+---------------+-----------+-------+
[   42.933108]          cloud-initStarting LXD - unix socket.[1055]: 
ci-info: |   0   |    0.0.0.0    | 10.0.2.2 |    0.0.0.0    |   enp0s3  |   UG  |
[   43.084301] [cloud-init[0;32m  OK  [0m[1055]: ] ci-info: |   1   |    10.0.2.0   | 0.0.0.0  | 255.255.255.0 |   enp0s3  |   U   |Listening on UUID daemon activation socket.

[[0;32m  OK  [0m] Reached target Network is Online.
[   43.084792] cloud-init[1055]: ci-info: |   2   | 192.168.122.0 | 0.0.0.0  | 255.255.255.0 |   enp0s8  |   U   |
         Starting iSCSI initiator daemon (iscsid)...
[[0;32m  OK  [0m] Reached target Cloud-config availability.
[   43.296613] cloud-init[1055]: ci-info: +-------+---------------+----------+---------------+-----------+-------+
[[0;32m  OK  [0m] Listening on Socket activation for snappy daemon.
[[0;32m  OK  [0m] Listening on LXD - unix socket.
[[0;32m  OK  [0m] Reached target Sockets.
[[0;32m  OK  [0m] Reached target Basic System.
[[0;32m  OK  [0m] Started D-Bus System Message Bus.
         Starting OpenBSD Secure Shell server...
         Starting LXD - container startup/shutdown...
[[0;32m  OK  [0m] Started ACPI event daemon.
         Starting Login Service...
         Starting LSB: MD monitoring daemon...
         Starting /etc/rc.local Compatibility...
         Starting LSB: Record successful boot for GRUB...
         Starting System Logging Service...
[[0;32m  OK  [0m] Started Deferred execution scheduler.
[[0;32m  OK  [0m] Started Unattended Upgrades Shutdown.
[[0;32m  OK  [0m] Started FUSE filesystem for LXC.
[[0;32m  OK  [0m] Started Regular background program processing daemon.
         Starting Accounts Service...
         Starting Apply the settings specified in cloud-config...
[[0;32m  OK  [0m] Started Snappy daemon.
         Starting Auto import assertions from block devices...
[[0;32m  OK  [0m] Started OpenBSD Secure Shell server.
[[0;32m  OK  [0m] Started System Logging Service.
[[0;32m  OK  [0m] Started iSCSI initiator daemon (iscsid).
[[0;32m  OK  [0m] Started LXD - container startup/shutdown.
[   44.552716] cloud-init[1161]: Cloud-init v. 0.7.9 running 'modules:config' at Sun, 06 Aug 2017 06:17:52 +0000. Up 44.48 seconds.
[[0;32m  OK  [0m] Started /etc/rc.local Compatibility.
[[0;32m  OK  [0m] Started Apply the settings specified in cloud-config.
[[0;32m  OK  [0m] Started Auto import assertions from block devices.
[[0;32m  OK  [0m] Started LSB: MD monitoring daemon.
[[0;32m  OK  [0m] Started LSB: Record successful boot for GRUB.
[[0;32m  OK  [0m] Started Login Service.
         Starting Authenticate and Authorize Users to Run Privileged Tasks...
         Starting Login to default iSCSI targets...
[[0;32m  OK  [0m] Started Authenticate and Authorize Users to Run Privileged Tasks.
[[0;32m  OK  [0m] Started Accounts Service.
[[0;32m  OK  [0m] Started Login to default iSCSI targets.
[[0;32m  OK  [0m] Reached target Remote File Systems (Pre).
[[0;32m  OK  [0m] Reached target Remote File Systems.
         Starting LSB: daemon to balance interrupts for SMP systems...
         Starting Permit User Sessions...
         Starting LSB: Set the CPU Frequency Scaling governor to "ondemand"...
         Starting LSB: automatic crash report generation...
         Starting LSB: VirtualBox Linux Additions...
[[0;32m  OK  [0m] Started Permit User Sessions.
[[0;32m  OK  [0m] Created slice User Slice of ubuntu.
[[0;32m  OK  [0m] Started Session 1 of user ubuntu.
         Starting User Manager for UID 1000...
         Starting Hold until boot process finishes up...
         Starting Terminate Plymouth Boot Screen...
[[0;32m  OK  [0m] Started User Manager for UID 1000.
[[0;32m  OK  [0m] Started LSB: daemon to balance interrupts for SMP systems.
[[0;32m  OK  [0m] Started LSB: Set the CPU Frequency Scaling governor to "ondemand".
[[0;32m  OK  [0m] Started LSB: automatic crash report generation.
[[0;32m  OK  [0m] Started LSB: VirtualBox Linux Additions.
[[0;32m  OK  [0m] Started Hold until boot process finishes up.
[[0;32m  OK  [0m] Started Terminate Plymouth Boot Screen.
[[0;32m  OK  [0m] Started Getty on tty1.
[[0;32m  OK  [0m] Started Serial Getty on ttyS0.
[[0;32m  OK  [0m] Reached target Login Prompts.
         Starting Set console scheme...
[[0;32m  OK  [0m] Reached target Multi-User System.
         Starting Execute cloud user/final scripts...
[[0;32m  OK  [0m] Reached target Graphical Interface.
         Starting Update UTMP about System Runlevel Changes...
[[0;32m  OK  [0m] Started Set console scheme.
[[0;32m  OK  [0m] Started Update UTMP about System Runlevel Changes.
[   47.129140] cloud-init[1302]: Cloud-init v. 0.7.9 running 'modules:final' at Sun, 06 Aug 2017 06:17:54 +0000. Up 47.03 seconds.
[   47.268647] cloud-init[1302]: Cloud-init v. 0.7.9 finished at Sun, 06 Aug 2017 06:17:54 +0000. Datasource DataSourceNoCloud [seed=/dev/sdb][dsmode=net].  Up 47.11 seconds
[[0;32m  OK  [0m] Started Execute cloud user/final scripts.
[[0;32m  OK  [0m] Reached target Cloud-init target.

Ubuntu 16.04.2 LTS master ttyS0

master login: 